# JRE version: OpenJDK Runtime Environment (8.0_152-b06) (build 1.8.0_152-release-1136-b06)
# Java VM: OpenJDK 64-Bit Server VM (25.152-b06 mixed mode linux-amd64 compressed oops)
Heap:
 PSYoungGen      total 313344K, used 18270K [0x00000000e0000000, 0x00000000f5c00000, 0x0000000100000000)
  eden space 290816K, 0% used [0x00000000e0000000,0x00000000e0000000,0x00000000f1c00000)
  from space 22528K, 81% used [0x00000000f3380000,0x00000000f4557838,0x00000000f4980000)
  to   space 24064K, 0% used [0x00000000f1c00000,0x00000000f1c00000,0x00000000f3380000)
 ParOldGen       total 94720K, used 26272K [0x00000000a0000000, 0x00000000a5c80000, 0x00000000e0000000)
  object space 94720K, 27% used [0x00000000a0000000,0x00000000a19a8018,0x00000000a5c80000)
 Metaspace       used 57193K, capacity 58890K, committed 59008K, reserved 1099776K
  class space    used 7770K, capacity 8218K, committed 8320K, reserved 1048576K
GC Heap History (10 events):
Event: 2.069 GC heap after
Heap after GC invocations=6 (full 1):
 PSYoungGen      total 132096K, used 5120K [0x00000000e0000000, 0x00000000ee480000, 0x0000000100000000)
  eden space 126976K, 0% used [0x00000000e0000000,0x00000000e0000000,0x00000000e7c00000)
  from space 5120K, 100% used [0x00000000e7c00000,0x00000000e8100000,0x00000000e8100000)
  to   space 15360K, 0% used [0x00000000ed580000,0x00000000ed580000,0x00000000ee480000)
 ParOldGen       total 59904K, used 17326K [0x00000000a0000000, 0x00000000a3a80000, 0x00000000e0000000)
  object space 59904K, 28% used [0x00000000a0000000,0x00000000a10eb828,0x00000000a3a80000)
 Metaspace       used 31628K, capacity 32288K, committed 32512K, reserved 1077248K
  class space    used 4285K, capacity 4504K, committed 4608K, reserved 1048576K
}
Event: 2.513 GC heap before
{Heap before GC invocations=7 (full 1):
 PSYoungGen      total 132096K, used 64198K [0x00000000e0000000, 0x00000000ee480000, 0x0000000100000000)
  eden space 126976K, 46% used [0x00000000e0000000,0x00000000e39b18e8,0x00000000e7c00000)
  from space 5120K, 100% used [0x00000000e7c00000,0x00000000e8100000,0x00000000e8100000)
  to   space 15360K, 0% used [0x00000000ed580000,0x00000000ed580000,0x00000000ee480000)
 ParOldGen       total 59904K, used 17326K [0x00000000a0000000, 0x00000000a3a80000, 0x00000000e0000000)
  object space 59904K, 28% used [0x00000000a0000000,0x00000000a10eb828,0x00000000a3a80000)
 Metaspace       used 34611K, capacity 35250K, committed 35416K, reserved 1079296K
  class space    used 4771K, capacity 5025K, committed 5120K, reserved 1048576K
Event: 2.524 GC heap after
Heap after GC invocations=7 (full 1):
 PSYoungGen      total 217600K, used 10986K [0x00000000e0000000, 0x00000000ee480000, 0x0000000100000000)
  eden space 202240K, 0% used [0x00000000e0000000,0x00000000e0000000,0x00000000ec580000)
  from space 15360K, 71% used [0x00000000ed580000,0x00000000ee03a910,0x00000000ee480000)
  to   space 15872K, 0% used [0x00000000ec580000,0x00000000ec580000,0x00000000ed500000)
 ParOldGen       total 59904K, used 17334K [0x00000000a0000000, 0x00000000a3a80000, 0x00000000e0000000)
  object space 59904K, 28% used [0x00000000a0000000,0x00000000a10ed828,0x00000000a3a80000)
 Metaspace       used 34611K, capacity 35250K, committed 35416K, reserved 1079296K
  class space    used 4771K, capacity 5025K, committed 5120K, reserved 1048576K
}
Event: 2.524 GC heap before
{Heap before GC invocations=8 (full 2):
 PSYoungGen      total 217600K, used 10986K [0x00000000e0000000, 0x00000000ee480000, 0x0000000100000000)
  eden space 202240K, 0% used [0x00000000e0000000,0x00000000e0000000,0x00000000ec580000)
  from space 15360K, 71% used [0x00000000ed580000,0x00000000ee03a910,0x00000000ee480000)
  to   space 15872K, 0% used [0x00000000ec580000,0x00000000ec580000,0x00000000ed500000)
 ParOldGen       total 59904K, used 17334K [0x00000000a0000000, 0x00000000a3a80000, 0x00000000e0000000)
  object space 59904K, 28% used [0x00000000a0000000,0x00000000a10ed828,0x00000000a3a80000)
 Metaspace       used 34611K, capacity 35250K, committed 35416K, reserved 1079296K
  class space    used 4771K, capacity 5025K, committed 5120K, reserved 1048576K
Event: 2.577 GC heap after
Heap after GC invocations=8 (full 2):
 PSYoungGen      total 217600K, used 0K [0x00000000e0000000, 0x00000000ee480000, 0x0000000100000000)
  eden space 202240K, 0% used [0x00000000e0000000,0x00000000e0000000,0x00000000ec580000)
  from space 15360K, 0% used [0x00000000ed580000,0x00000000ed580000,0x00000000ee480000)
  to   space 15872K, 0% used [0x00000000ec580000,0x00000000ec580000,0x00000000ed500000)
 ParOldGen       total 94720K, used 18253K [0x00000000a0000000, 0x00000000a5c80000, 0x00000000e0000000)
  object space 94720K, 19% used [0x00000000a0000000,0x00000000a11d36d8,0x00000000a5c80000)
 Metaspace       used 34560K, capacity 35118K, committed 35416K, reserved 1079296K
  class space    used 4758K, capacity 4981K, committed 5120K, reserved 1048576K
}
Event: 3.979 GC heap before
{Heap before GC invocations=9 (full 2):
 PSYoungGen      total 217600K, used 202240K [0x00000000e0000000, 0x00000000ee480000, 0x0000000100000000)
  eden space 202240K, 100% used [0x00000000e0000000,0x00000000ec580000,0x00000000ec580000)
  from space 15360K, 0% used [0x00000000ed580000,0x00000000ed580000,0x00000000ee480000)
  to   space 15872K, 0% used [0x00000000ec580000,0x00000000ec580000,0x00000000ed500000)
 ParOldGen       total 94720K, used 18253K [0x00000000a0000000, 0x00000000a5c80000, 0x00000000e0000000)
  object space 94720K, 19% used [0x00000000a0000000,0x00000000a11d36d8,0x00000000a5c80000)
 Metaspace       used 53791K, capacity 55148K, committed 55296K, reserved 1097728K
  class space    used 7204K, capacity 7640K, committed 7680K, reserved 1048576K
Event: 3.996 GC heap after
Heap after GC invocations=9 (full 2):
 PSYoungGen      total 218112K, used 15843K [0x00000000e0000000, 0x00000000f4980000, 0x0000000100000000)
  eden space 202240K, 0% used [0x00000000e0000000,0x00000000e0000000,0x00000000ec580000)
  from space 15872K, 99% used [0x00000000ec580000,0x00000000ed4f8d38,0x00000000ed500000)
  to   space 22528K, 0% used [0x00000000f3380000,0x00000000f3380000,0x00000000f4980000)
 ParOldGen       total 94720K, used 26200K [0x00000000a0000000, 0x00000000a5c80000, 0x00000000e0000000)
  object space 94720K, 27% used [0x00000000a0000000,0x00000000a1996008,0x00000000a5c80000)
 Metaspace       used 53791K, capacity 55148K, committed 55296K, reserved 1097728K
  class space    used 7204K, capacity 7640K, committed 7680K, reserved 1048576K
}
Event: 4.395 GC heap before
{Heap before GC invocations=10 (full 2):
 PSYoungGen      total 218112K, used 75384K [0x00000000e0000000, 0x00000000f4980000, 0x0000000100000000)
  eden space 202240K, 29% used [0x00000000e0000000,0x00000000e3a25548,0x00000000ec580000)
  from space 15872K, 99% used [0x00000000ec580000,0x00000000ed4f8d38,0x00000000ed500000)
  to   space 22528K, 0% used [0x00000000f3380000,0x00000000f3380000,0x00000000f4980000)
 ParOldGen       total 94720K, used 26200K [0x00000000a0000000, 0x00000000a5c80000, 0x00000000e0000000)
  object space 94720K, 27% used [0x00000000a0000000,0x00000000a1996008,0x00000000a5c80000)
 Metaspace       used 57193K, capacity 58890K, committed 59008K, reserved 1099776K
  class space    used 7770K, capacity 8218K, committed 8320K, reserved 1048576K
Event: 4.420 GC heap after
Heap after GC invocations=10 (full 2):
 PSYoungGen      total 313344K, used 18270K [0x00000000e0000000, 0x00000000f5c00000, 0x0000000100000000)
  eden space 290816K, 0% used [0x00000000e0000000,0x00000000e0000000,0x00000000f1c00000)
  from space 22528K, 81% used [0x00000000f3380000,0x00000000f4557838,0x00000000f4980000)
  to   space 24064K, 0% used [0x00000000f1c00000,0x00000000f1c00000,0x00000000f3380000)
 ParOldGen       total 94720K, used 26272K [0x00000000a0000000, 0x00000000a5c80000, 0x00000000e0000000)
  object space 94720K, 27% used [0x00000000a0000000,0x00000000a19a8018,0x00000000a5c80000)
 Metaspace       used 57193K, capacity 58890K, committed 59008K, reserved 1099776K
  class space    used 7770K, capacity 8218K, committed 8320K, reserved 1048576K
}
Event: 4.420 GC heap before
{Heap before GC invocations=11 (full 3):
 PSYoungGen      total 313344K, used 18270K [0x00000000e0000000, 0x00000000f5c00000, 0x0000000100000000)
  eden space 290816K, 0% used [0x00000000e0000000,0x00000000e0000000,0x00000000f1c00000)
  from space 22528K, 81% used [0x00000000f3380000,0x00000000f4557838,0x00000000f4980000)
  to   space 24064K, 0% used [0x00000000f1c00000,0x00000000f1c00000,0x00000000f3380000)
 ParOldGen       total 94720K, used 26272K [0x00000000a0000000, 0x00000000a5c80000, 0x00000000e0000000)
  object space 94720K, 27% used [0x00000000a0000000,0x00000000a19a8018,0x00000000a5c80000)
 Metaspace       used 57193K, capacity 58890K, committed 59008K, reserved 1099776K
  class space    used 7770K, capacity 8218K, committed 8320K, reserved 1048576K

